<?xml version="1.0" encoding="UTF-8"?>
<testng-results ignored="0" total="1" passed="1" failed="0" skipped="0">
  <reporter-output>
  </reporter-output>
  <suite started-at="2023-03-09T14:39:47 IST" name="Default suite" finished-at="2023-03-09T14:39:47 IST" duration-ms="38">
    <groups>
    </groups>
    <test started-at="2023-03-09T14:39:47 IST" name="Default test" finished-at="2023-03-09T14:39:47 IST" duration-ms="38">
      <class name="sample.MyTest">
        <test-method signature="t1()[pri:0, instance:sample.MyTest@29d89d5d]" started-at="2023-03-09T14:39:47 IST" name="t1" finished-at="2023-03-09T14:39:47 IST" duration-ms="5" status="PASS">
          <reporter-output>
          </reporter-output>
        </test-method> <!-- t1 -->
      </class> <!-- sample.MyTest -->
    </test> <!-- Default test -->
  </suite> <!-- Default suite -->
</testng-results>
